d:\tensorrt_pro\x64\release\app_arcface.obj
d:\tensorrt_pro\x64\release\app_fall_recognize.obj
d:\tensorrt_pro\x64\release\retinaface.obj
d:\tensorrt_pro\x64\release\test_warpaffine.obj
d:\tensorrt_pro\x64\release\main.obj
d:\tensorrt_pro\x64\release\modelimporter.obj
d:\tensorrt_pro\x64\release\onnxerrorrecorder.obj
d:\tensorrt_pro\x64\release\arcface.obj
d:\tensorrt_pro\x64\release\high_performance.obj
d:\tensorrt_pro\x64\release\yolo_high_perf.obj
d:\tensorrt_pro\x64\release\yolo.obj
d:\tensorrt_pro\x64\release\direct_mae.obj
d:\tensorrt_pro\x64\release\trt_tensor.obj
d:\tensorrt_pro\x64\release\rnnhelpers.obj
d:\tensorrt_pro\x64\release\alpha_pose.obj
d:\tensorrt_pro\x64\release\app_high_performance.obj
d:\tensorrt_pro\x64\release\multi_gpu.obj
d:\tensorrt_pro\x64\release\test_yolo_map.obj
d:\tensorrt_pro\x64\release\trt_builder.obj
d:\tensorrt_pro\x64\release\nvonnxparser.obj
d:\tensorrt_pro\x64\release\onnx2trt_utils.obj
d:\tensorrt_pro\x64\release\app_alphapose.obj
d:\tensorrt_pro\x64\release\dbface.obj
d:\tensorrt_pro\x64\release\interface.obj
d:\tensorrt_pro\x64\release\app_retinaface.obj
d:\tensorrt_pro\x64\release\app_yolo_gpuptr.obj
d:\tensorrt_pro\x64\release\direct_unet.obj
d:\tensorrt_pro\x64\release\import_lib.obj
d:\tensorrt_pro\x64\release\trt_infer.obj
d:\tensorrt_pro\x64\release\builtin_op_importers.obj
d:\tensorrt_pro\x64\release\app_centernet.obj
d:\tensorrt_pro\x64\release\fall_gcn.obj
d:\tensorrt_pro\x64\release\app_scrfd.obj
d:\tensorrt_pro\x64\release\yolo_gpuptr.obj
d:\tensorrt_pro\x64\release\cuda_tools.obj
d:\tensorrt_pro\x64\release\ilogger.obj
d:\tensorrt_pro\x64\release\onnx-operators-ml.pb.obj
d:\tensorrt_pro\x64\release\onnxattrs.obj
d:\tensorrt_pro\x64\release\yolosdk.obj
d:\tensorrt_pro\x64\release\app_dbface.obj
d:\tensorrt_pro\x64\release\app_lesson.obj
d:\tensorrt_pro\x64\release\yolo_fast.obj
d:\tensorrt_pro\x64\release\direct_yolo.obj
d:\tensorrt_pro\x64\release\onnx-ml.pb.obj
d:\tensorrt_pro\x64\release\shapetensor.obj
d:\tensorrt_pro\x64\release\onnxplugin.obj
d:\tensorrt_pro\x64\release\alpha_pose_old.obj
d:\tensorrt_pro\x64\release\alpha_pose_high_perf.obj
d:\tensorrt_pro\x64\release\scrfd.obj
d:\tensorrt_pro\x64\release\auto_download.obj
d:\tensorrt_pro\x64\release\deepsort.obj
d:\tensorrt_pro\x64\release\plugin_binary_io.obj
d:\tensorrt_pro\x64\release\app_bert.obj
d:\tensorrt_pro\x64\release\centernet.obj
d:\tensorrt_pro\x64\release\app_plugin.obj
d:\tensorrt_pro\x64\release\app_yolo_fast.obj
d:\tensorrt_pro\x64\release\direct_classifier.obj
d:\tensorrt_pro\x64\release\json.obj
d:\tensorrt_pro\x64\release\loophelpers.obj
d:\tensorrt_pro\x64\release\shapedweights.obj
d:\tensorrt_pro\x64\release\vc143.pdb
d:\tensorrt_pro\x64\tensorrt.dll
d:\tensorrt_pro\x64\tensorrt.pdb
d:\tensorrt_pro\x64\release\tensorrt.iobj
d:\tensorrt_pro\x64\tensorrt.lib
d:\tensorrt_pro\x64\tensorrt.exp
d:\tensorrt_pro\x64\release\test_yolo.obj
d:\tensorrt_pro\x64\release\test_yolo.ipdb
d:\tensorrt_pro\x64\release\test_yolo.iobj
d:\tensorrt_pro\x64\release\tensorrt.vcxproj.filelistabsolute.txt
d:\tensorrt_pro\x64\release\tensorrt.tlog\cl.15820.write.1.tlog
d:\tensorrt_pro\x64\release\tensorrt.tlog\cl.command.1.tlog
d:\tensorrt_pro\x64\release\tensorrt.tlog\cl.items.tlog
d:\tensorrt_pro\x64\release\tensorrt.tlog\cl.read.1.tlog
d:\tensorrt_pro\x64\release\tensorrt.tlog\cudacompile.read.1u.tlog
d:\tensorrt_pro\x64\release\tensorrt.tlog\cudacompile.write.1u.tlog
d:\tensorrt_pro\x64\release\tensorrt.tlog\link.command.1.tlog
d:\tensorrt_pro\x64\release\tensorrt.tlog\link.read.1.tlog
d:\tensorrt_pro\x64\release\tensorrt.tlog\link.write.1.tlog
d:\tensorrt_pro\x64\release\tensorrt.tlog\link.write.2u.tlog
